MozillaFirefox
ack
adobe-sourcecodepro-fonts
adobe-sourcecodepro-fonts
adobe-sourcesanspro-fonts
adobe-sourceserifpro-fonts
alsa
alsa-firmware
alsa-utils
aspell
aspell-en
at
bindfs
cmake
conky
cppcheck
ctags
dmenu
dropbox
emacs
emacs-el
faenza-icon-theme
MozillaFirefox
flash-player
gcc
gcc-c++
git
gitk
global
global
gnome-system-monitor
gnu_parallel
gparted
gtk2-metatheme-greybird
gvim
iw
keychain
libreoffice
moreutils
numlockx
okular
password-store
pavucontrol
redshift
redshift-gtk
sensors
setxkbmap
socat
speedcrunch
stow
swftools
tig
tmux
unzip
vim
wget
wmctrl
xarchiver
xbindkeys
xclip
xdg-utils
xev
xfce4-panel-plugin-cpugraph
xfce4-panel-plugin-mixer
xfce4-panel-plugin-sensors
xfce4-taskmanager
xfce4-terminal
xhost
xkill
xprop
xscreensaver
xwininfo
zenity
zip
