aspell
aspell-en
at
atop
bash
bash-completion
bzip2
bzr
calibre
ccrypt
clang
cmake
conky
ctags
di
dmenu
dnsutils
dosfstools
e2fsprogs
emacs
erlang
evince
feh
filezilla
findutils
firefox
flac
flashplugin
gcc
gdb
gimp
git
gksu
gnome-system-monitor
gnumeric
gnupg
gparted
gprolog
gpsim
gputils
hdparm
htop
ifplugd
iftop
imagemagick
inetutils
iotop
iproute2
ipython
ipython2
jdk7-openjdk
k3b
keychain
libreoffice
liferea
links
lshw
lsof
matplotlib
mencoder
mercurial
mesa
mg
minicom
mono
mplayer
nasm
netcat
netctl
nethack
netselect
net-tools
newsbeuter
nmap
ntfs-3g
ntfsprogs
ntp
numlockx
numpy
openal
openssh
openssl
ossp
p7zip
parallel
pavucontrol
perl
perl-rename
potrace
pylint
pyserial
pyserial
rpcbind
rsync
samba
sbcl
scala
scipy
scipy
scrot
sdparm
setxkbmap
shadow
sharutils
sloccount
smartmontools
splint
sqlalchemy
sqlalchemy
sqlite2
stone-soup
sudo
swftools
syslog-ng
tidyhtml
tint2
tix
tk
tmux
ttf-mph-2b-damase
unrar
unzip
vi
virtualenv
virtualenv
vlc
wine
wine_gecko
wireless_tools
wmctrl
wpa_actiond
wpa_supplicant
xbindkeys
xclip
xcompmgr
xdg-utils
xev
xfce4-terminal
xhost
xinit
xkill
xprop
xscreensaver
xsensors
xwininfo
zenity
zip
zsnes
